==185897== Memcheck, a memory error detector
==185897== Copyright (C) 2002-2017, and GNU GPL'd, by Julian Seward et al.
==185897== Using Valgrind-3.15.0 and LibVEX; rerun with -h for copyright info
==185897== Command: ./push_swap 199 390 491 153 45 160 414 432 226 150 282 263 471 419 74 404 58 385 445 57 19 305 135 152 400 140 11 177 244 222 149 257 299 482 125 155 65 389 49 413 487 64 50 237 228 48 66 127 131 401 288 342 110 410 435 116 204 320 357 329 113 190 12 287 451 271 96 312 70 323 443 227 181 137 246 425 309 134 375 318 141 285 22 144 83 180 464 40 207 293 267 302 274 255 372 430 303 476 483 111 475 286 173 103 321 221 5 433 25 364 67 294 212 394 61 248 466 313 218 121 179 17 26 69 54 39 213 76 2 384 16 128 438 107 168 405 440 151 348 239 296 184 334 358 84 421 182 412 268 33 295 353 132 408 38 146 429 428 308 366 112 498 24 270 463 258 490 457 170 332 316 363 124 330 461 310 163 62 193 416 439 165 194 449 235 441 88 200 437 249 73 407 120 92 361 75 426 186 43 341 427 339 278 388 411 98 351 59 292 279 346 94 133 365 345 424 347 245 367 301 129 403 331 247 148 260 289 104 42 262 254 335 442 169 175 1 344 448 202 402 30 275 409 356 450 230 269 101 311 206 436 28 189 87 324 370 7 4 325 90 123 197 145 418 89 327 119 484 406 9 250 210 142 455 126 32 261 223 185 434 130 36 362 52 256 91 369 304 108 431 497 326 3 97 396 322 27 95 219 489 355 460 481 350 233 220 337 496 456 56 34 465 352 280 99 453 86 317 23 71 188 467 171 374 51 100 458 106 291 167 231 232 243 225 494 203 198 172 328 79 35 158 382 349 273 139 191 253 195 354 217 474 307 417 277 376 500 380 205 420 72 469 41 399 386 82 251 360 8 343 298 93 166 480 114 109 183 283 315 415 211 18 423 81 85 259 446 174 488 159 462 136 478 473 444 499 147 470 215 479 157 229 80 6 459 454 383 118 224 20 290 447 387 29 31 300 359 63 234 252 398 14 176 392 266 138 377 378 178 238 192 47 13 265 493 15 68 164 319 117 468 216 78 495 236 340 338 154 60 105 201 272 44 21 37 10 284 373 209 477 472 242 379 264 336 240 196 208 397 393 314 122 485 46 187 276 161 486 281 371 143 492 297 452 77 241 115 368 162 391 333 306 53 381 102 156 214 422 395 55
==185897== 
==185897== Invalid read of size 4
==185897==    at 0x401976: ft_check_values (init.c:27)
==185897==    by 0x40186A: ft_tab_values (init.c:47)
==185897==    by 0x401758: ft_toolbox_init (init.c:86)
==185897==    by 0x4011F6: main (push_swap.c:22)
==185897==  Address 0x4a58810 is 0 bytes after a block of size 2,000 alloc'd
==185897==    at 0x483B7F3: malloc (in /usr/lib/x86_64-linux-gnu/valgrind/vgpreload_memcheck-amd64-linux.so)
==185897==    by 0x4035C8: ft_calloc (in /mnt/nfs/homes/jeepark/Desktop/push_swap/push_swap)
==185897==    by 0x4017EF: ft_tab_values (init.c:44)
==185897==    by 0x401758: ft_toolbox_init (init.c:86)
==185897==    by 0x4011F6: main (push_swap.c:22)
==185897== 
pb
pb
pb
pb
pb
pb
pb
pb
pb
pb
pb
pb
pb
pb
pb
pb
pb
pb
pb
pb
pb
pb
pb
pb
pb
pb
ra
pb
pb
pb
pb
pb
pb
pb
pb
pb
pb
pb
ra
pb
pb
pb
ra
pb
pb
pb
ra
pb
pb
pb
pb
pb
pb
pb
pb
pb
pb
pb
pb
pb
pb
pb
pb
pb
pb
pb
pb
pb
ra
pb
pb
pb
pb
pb
pb
pb
pb
pb
pb
pb
pb
pb
pb
pb
ra
pb
pb
pb
pb
pb
pb
pb
pb
pb
pb
pb
pb
pb
pb
pb
pb
pb
pb
ra
pb
pb
pb
pb
pb
pb
pb
pb
pb
pb
pb
pb
pb
pb
pb
ra
pb
pb
pb
pb
pb
pb
pb
pb
pb
pb
pb
ra
pb
pb
pb
pb
pb
pb
pb
pb
pb
pb
pb
pb
pb
pb
pb
pb
pb
pb
pb
pb
ra
pb
pb
ra
pb
pb
pb
pb
pb
pb
pb
pb
pb
pb
pb
pb
pb
pb
pb
pb
pb
pb
pb
pb
ra
pb
pb
pb
pb
ra
ra
pb
pb
pb
pb
ra
pb
pb
pb
pb
pb
pb
pb
pb
pb
pb
pb
pb
pb
pb
pb
pb
pb
pb
pb
pb
pb
pb
pb
pb
pb
pb
pb
pb
pb
ra
pb
pb
pb
pb
pb
ra
pb
ra
pb
pb
pb
ra
pb
pb
pb
pb
pb
pb
pb
pb
pb
pb
pb
pb
pb
pb
pb
pb
ra
pb
ra
pb
pb
pb
pb
pb
ra
pb
pb
pb
ra
pb
pb
pb
pb
pb
pb
pb
pb
pb
pb
pb
pb
pb
pb
pb
pb
pb
pb
pb
pb
pb
pb
pb
pb
pb
pb
pb
pb
pb
pb
pb
pb
ra
pb
pb
pb
pb
pb
pb
pb
pb
pb
pb
pb
pb
pb
pb
pb
pb
pb
pb
pb
pb
pb
pb
pb
pb
pb
pb
pb
pb
pb
pb
pb
pb
pb
pb
pb
pb
pb
pb
pb
pb
pb
pb
pb
pb
pb
pb
ra
pb
pb
pb
pb
ra
pb
pb
pb
pb
pb
ra
pb
pb
pb
pb
pb
ra
pb
ra
pb
pb
pb
pb
pb
pb
ra
pb
pb
pb
pb
pb
pb
pb
pb
pb
pb
pb
pb
pb
pb
ra
pb
pb
ra
pb
pb
pb
pb
pb
pb
pb
pb
pb
pb
pb
ra
pb
pb
pb
pb
pb
pb
pb
pb
pb
pb
pb
pb
pb
pb
pb
pb
ra
pb
pb
pb
pb
pb
pb
pb
pb
pb
pb
pb
pb
pb
pb
pb
pb
pb
pb
pb
pb
pb
pb
pb
pb
pb
pb
pb
pb
ra
pb
pb
pb
pb
pb
pb
pb
pb
pb
pb
pb
pb
pb
pb
pb
pb
pb
pb
pb
ra
pb
pb
pb
pb
pb
pb
pb
pb
pb
pb
pb
ra
pb
pb
pb
pb
ra
pb
pb
pb
ra
pb
pb
pb
pb
pb
pb
pb
pb
pb
pb
pb
pb
pb
pb
pb
pb
pb
pb
ra
ra
ra
pa
rr
rr
rr
rr
pa
rra
rra
rra
rra
rb
pa
rr
rr
rr
rr
rr
ra
ra
pa
rra
rra
rra
rb
pa
rr
rr
ra
ra
ra
ra
ra
ra
pa
rr
rr
pa
rr
ra
ra
pa
rr
rr
rr
rb
rb
pa
rra
pa
ra
ra
ra
pa
rr
rb
rb
pa
rra
rb
pa
rr
ra
ra
ra
ra
ra
ra
ra
pa
rb
rb
rb
rb
pa
rr
rr
rr
rr
ra
ra
ra
pa
ra
pa
rra
rra
rra
rra
rra
rb
rb
rb
rb
rb
pa
rra
rra
rra
rra
rb
rb
rb
rb
pa
rr
rb
rb
rb
rb
rb
rb
rb
pa
rra
rra
rra
rb
rb
rb
rb
pa
rra
rra
rra
rra
pa
rb
rb
rb
rb
rb
rb
rb
rb
pa
rr
rb
rb
rb
rb
rb
pa
rra
rb
rb
pa
rra
rra
rra
rra
rra
rra
rra
rra
rra
rb
pa
ra
rrb
rrb
rrb
pa
rr
rb
rb
rb
rb
rb
rb
pa
rr
ra
ra
ra
pa
rr
rr
rr
rr
rr
ra
ra
pa
rra
rra
rra
rra
rra
rra
rb
rb
pa
rra
rb
rb
rb
pa
rr
rr
rr
rr
rr
rr
rr
rb
rb
rb
rb
rb
pa
rr
rr
rr
rr
rr
pa
rra
rra
rra
rra
rra
rra
rra
pa
rra
rb
pa
rr
rr
rr
rr
rb
rb
rb
pa
ra
ra
pa
rr
ra
ra
ra
ra
ra
ra
ra
pa
rr
ra
pa
pa
ra
ra
ra
ra
ra
rrb
pa
rr
ra
ra
ra
ra
ra
ra
ra
ra
ra
ra
pa
rr
rr
rb
rb
rb
rb
rb
rb
rb
rb
pa
rra
rra
rra
rb
rb
rb
pa
rr
rr
rr
rr
rr
rr
ra
ra
ra
ra
pa
rr
rr
ra
ra
pa
rr
rr
pa
rr
rr
rr
rr
rb
pa
rr
rr
rr
pa
rra
rra
rra
rra
rra
rra
rb
rb
pa
rb
rb
rb
pa
rr
rr
ra
ra
ra
ra
ra
ra
ra
pa
rr
rr
rr
rb
rb
pa
rr
rr
rr
rb
rb
pa
ra
ra
ra
ra
rrb
rrb
pa
ra
ra
rrb
rrb
rrb
rrb
rrb
pa
ra
rrb
rrb
rrb
rrb
rrb
pa
ra
ra
ra
rrb
pa
ra
ra
ra
ra
ra
ra
ra
rrb
rrb
pa
rr
rr
rr
rr
rr
pa
ra
ra
ra
pa
rra
rra
rra
rra
rb
rb
rb
pa
rra
rra
rra
rra
rb
pa
rr
rb
rb
rb
pa
rra
rb
rb
rb
pa
rr
rr
rr
rr
pa
ra
ra
ra
ra
ra
ra
rrb
rrb
rrb
rrb
rrb
rrb
rrb
rrb
pa
ra
ra
ra
ra
ra
ra
rrb
rrb
pa
rr
rr
rr
rr
ra
ra
ra
ra
ra
ra
ra
ra
pa
rr
rr
ra
ra
ra
ra
ra
ra
ra
pa
ra
ra
ra
ra
ra
ra
ra
ra
ra
pa
rr
rr
rr
rr
rr
rr
rr
rr
rr
rr
rb
rb
rb
rb
pa
==185897== 
==185897== Process terminating with default action of signal 2 (SIGINT)
==185897==    at 0x403407: ft_find_max (utils.c:97)
==185897==    by 0x402749: find_target (target.c:50)
==185897==    by 0x4029E2: menu_settings (simulation.c:19)
==185897==    by 0x40290D: meta_simulation (simulation.c:88)
==185897==    by 0x4012B6: main (push_swap.c:37)
==185897== 
==185897== HEAP SUMMARY:
==185897==     in use at exit: 10,156 bytes in 502 blocks
==185897==   total heap usage: 1,612 allocs, 1,110 frees, 32,024 bytes allocated
==185897== 
==185897== LEAK SUMMARY:
==185897==    definitely lost: 0 bytes in 0 blocks
==185897==    indirectly lost: 0 bytes in 0 blocks
==185897==      possibly lost: 0 bytes in 0 blocks
==185897==    still reachable: 10,156 bytes in 502 blocks
==185897==         suppressed: 0 bytes in 0 blocks
==185897== Reachable blocks (those to which a pointer was found) are not shown.
==185897== To see them, rerun with: --leak-check=full --show-leak-kinds=all
==185897== 
==185897== For lists of detected and suppressed errors, rerun with: -s
==185897== ERROR SUMMARY: 500 errors from 1 contexts (suppressed: 0 from 0)
